e:\2018\2019_opencv\c++\opencv410_projects\imgui4cvtools\imgui4cvtools\x64\debug\imgui4cvtools.pch
e:\2018\2019_opencv\c++\opencv410_projects\imgui4cvtools\imgui4cvtools\x64\debug\vc140.pdb
e:\2018\2019_opencv\c++\opencv410_projects\imgui4cvtools\imgui4cvtools\x64\debug\vc140.idb
e:\2018\2019_opencv\c++\opencv410_projects\imgui4cvtools\imgui4cvtools\x64\debug\stdafx.obj
e:\2018\2019_opencv\c++\opencv410_projects\imgui4cvtools\imgui4cvtools\x64\debug\gl3w.obj
e:\2018\2019_opencv\c++\opencv410_projects\imgui4cvtools\imgui4cvtools\x64\debug\imgui.obj
e:\2018\2019_opencv\c++\opencv410_projects\imgui4cvtools\imgui4cvtools\x64\debug\imgui_demo.obj
e:\2018\2019_opencv\c++\opencv410_projects\imgui4cvtools\imgui4cvtools\x64\debug\imgui_draw.obj
e:\2018\2019_opencv\c++\opencv410_projects\imgui4cvtools\imgui4cvtools\x64\debug\imgui_impl_glfw.obj
e:\2018\2019_opencv\c++\opencv410_projects\imgui4cvtools\imgui4cvtools\x64\debug\imgui_impl_opengl3.obj
e:\2018\2019_opencv\c++\opencv410_projects\imgui4cvtools\imgui4cvtools\x64\debug\imgui_widgets.obj
e:\2018\2019_opencv\c++\opencv410_projects\imgui4cvtools\imgui4cvtools\x64\debug\imgui4cvtools.obj
e:\2018\2019_opencv\c++\opencv410_projects\imgui4cvtools\imgui4cvtools\x64\debug\debugwindow.obj
e:\2018\2019_opencv\c++\opencv410_projects\imgui4cvtools\imgui4cvtools\x64\debug\cvviewer.obj
e:\2018\2019_opencv\c++\opencv410_projects\imgui4cvtools\imgui4cvtools\x64\debug\matviewer.obj
e:\2018\2019_opencv\c++\opencv410_projects\imgui4cvtools\imgui4cvtools\x64\debug\matviewermanager.obj
e:\2018\2019_opencv\c++\opencv410_projects\imgui4cvtools\imgui4cvtools\x64\debug\cvapiguide.obj
e:\2018\2019_opencv\c++\opencv410_projects\imgui4cvtools\x64\debug\imgui4cvtools.ilk
e:\2018\2019_opencv\c++\opencv410_projects\imgui4cvtools\x64\debug\imgui4cvtools.exe
e:\2018\2019_opencv\c++\opencv410_projects\imgui4cvtools\x64\debug\imgui4cvtools.pdb
e:\2018\2019_opencv\c++\opencv410_projects\imgui4cvtools\imgui4cvtools\x64\debug\imgui4cvtools.tlog\cl.command.1.tlog
e:\2018\2019_opencv\c++\opencv410_projects\imgui4cvtools\imgui4cvtools\x64\debug\imgui4cvtools.tlog\cl.read.1.tlog
e:\2018\2019_opencv\c++\opencv410_projects\imgui4cvtools\imgui4cvtools\x64\debug\imgui4cvtools.tlog\cl.write.1.tlog
e:\2018\2019_opencv\c++\opencv410_projects\imgui4cvtools\imgui4cvtools\x64\debug\imgui4cvtools.tlog\link.10320.delete.1.tlog
e:\2018\2019_opencv\c++\opencv410_projects\imgui4cvtools\imgui4cvtools\x64\debug\imgui4cvtools.tlog\link.12340.delete.1.tlog
e:\2018\2019_opencv\c++\opencv410_projects\imgui4cvtools\imgui4cvtools\x64\debug\imgui4cvtools.tlog\link.12400.delete.1.tlog
e:\2018\2019_opencv\c++\opencv410_projects\imgui4cvtools\imgui4cvtools\x64\debug\imgui4cvtools.tlog\link.13216.delete.1.tlog
e:\2018\2019_opencv\c++\opencv410_projects\imgui4cvtools\imgui4cvtools\x64\debug\imgui4cvtools.tlog\link.13584.delete.1.tlog
e:\2018\2019_opencv\c++\opencv410_projects\imgui4cvtools\imgui4cvtools\x64\debug\imgui4cvtools.tlog\link.14668.delete.1.tlog
e:\2018\2019_opencv\c++\opencv410_projects\imgui4cvtools\imgui4cvtools\x64\debug\imgui4cvtools.tlog\link.15600.delete.1.tlog
e:\2018\2019_opencv\c++\opencv410_projects\imgui4cvtools\imgui4cvtools\x64\debug\imgui4cvtools.tlog\link.15736.delete.1.tlog
e:\2018\2019_opencv\c++\opencv410_projects\imgui4cvtools\imgui4cvtools\x64\debug\imgui4cvtools.tlog\link.15936.delete.1.tlog
e:\2018\2019_opencv\c++\opencv410_projects\imgui4cvtools\imgui4cvtools\x64\debug\imgui4cvtools.tlog\link.16600.delete.1.tlog
e:\2018\2019_opencv\c++\opencv410_projects\imgui4cvtools\imgui4cvtools\x64\debug\imgui4cvtools.tlog\link.16904.delete.1.tlog
e:\2018\2019_opencv\c++\opencv410_projects\imgui4cvtools\imgui4cvtools\x64\debug\imgui4cvtools.tlog\link.17368.delete.1.tlog
e:\2018\2019_opencv\c++\opencv410_projects\imgui4cvtools\imgui4cvtools\x64\debug\imgui4cvtools.tlog\link.17960.delete.1.tlog
e:\2018\2019_opencv\c++\opencv410_projects\imgui4cvtools\imgui4cvtools\x64\debug\imgui4cvtools.tlog\link.17972.delete.1.tlog
e:\2018\2019_opencv\c++\opencv410_projects\imgui4cvtools\imgui4cvtools\x64\debug\imgui4cvtools.tlog\link.18320.delete.1.tlog
e:\2018\2019_opencv\c++\opencv410_projects\imgui4cvtools\imgui4cvtools\x64\debug\imgui4cvtools.tlog\link.18536.delete.1.tlog
e:\2018\2019_opencv\c++\opencv410_projects\imgui4cvtools\imgui4cvtools\x64\debug\imgui4cvtools.tlog\link.18560.delete.1.tlog
e:\2018\2019_opencv\c++\opencv410_projects\imgui4cvtools\imgui4cvtools\x64\debug\imgui4cvtools.tlog\link.20076.delete.1.tlog
e:\2018\2019_opencv\c++\opencv410_projects\imgui4cvtools\imgui4cvtools\x64\debug\imgui4cvtools.tlog\link.21260.delete.1.tlog
e:\2018\2019_opencv\c++\opencv410_projects\imgui4cvtools\imgui4cvtools\x64\debug\imgui4cvtools.tlog\link.22372.delete.1.tlog
e:\2018\2019_opencv\c++\opencv410_projects\imgui4cvtools\imgui4cvtools\x64\debug\imgui4cvtools.tlog\link.2276.delete.1.tlog
e:\2018\2019_opencv\c++\opencv410_projects\imgui4cvtools\imgui4cvtools\x64\debug\imgui4cvtools.tlog\link.23432.delete.1.tlog
e:\2018\2019_opencv\c++\opencv410_projects\imgui4cvtools\imgui4cvtools\x64\debug\imgui4cvtools.tlog\link.25268.delete.1.tlog
e:\2018\2019_opencv\c++\opencv410_projects\imgui4cvtools\imgui4cvtools\x64\debug\imgui4cvtools.tlog\link.4148.delete.1.tlog
e:\2018\2019_opencv\c++\opencv410_projects\imgui4cvtools\imgui4cvtools\x64\debug\imgui4cvtools.tlog\link.4784.delete.1.tlog
e:\2018\2019_opencv\c++\opencv410_projects\imgui4cvtools\imgui4cvtools\x64\debug\imgui4cvtools.tlog\link.5264.delete.1.tlog
e:\2018\2019_opencv\c++\opencv410_projects\imgui4cvtools\imgui4cvtools\x64\debug\imgui4cvtools.tlog\link.5880.delete.1.tlog
e:\2018\2019_opencv\c++\opencv410_projects\imgui4cvtools\imgui4cvtools\x64\debug\imgui4cvtools.tlog\link.6008.delete.1.tlog
e:\2018\2019_opencv\c++\opencv410_projects\imgui4cvtools\imgui4cvtools\x64\debug\imgui4cvtools.tlog\link.6248.delete.1.tlog
e:\2018\2019_opencv\c++\opencv410_projects\imgui4cvtools\imgui4cvtools\x64\debug\imgui4cvtools.tlog\link.7052.delete.1.tlog
e:\2018\2019_opencv\c++\opencv410_projects\imgui4cvtools\imgui4cvtools\x64\debug\imgui4cvtools.tlog\link.7412.delete.1.tlog
e:\2018\2019_opencv\c++\opencv410_projects\imgui4cvtools\imgui4cvtools\x64\debug\imgui4cvtools.tlog\link.7548.delete.1.tlog
e:\2018\2019_opencv\c++\opencv410_projects\imgui4cvtools\imgui4cvtools\x64\debug\imgui4cvtools.tlog\link.8092.delete.1.tlog
e:\2018\2019_opencv\c++\opencv410_projects\imgui4cvtools\imgui4cvtools\x64\debug\imgui4cvtools.tlog\link.9452.delete.1.tlog
e:\2018\2019_opencv\c++\opencv410_projects\imgui4cvtools\imgui4cvtools\x64\debug\imgui4cvtools.tlog\link.9596.delete.1.tlog
e:\2018\2019_opencv\c++\opencv410_projects\imgui4cvtools\imgui4cvtools\x64\debug\imgui4cvtools.tlog\link.command.1.tlog
e:\2018\2019_opencv\c++\opencv410_projects\imgui4cvtools\imgui4cvtools\x64\debug\imgui4cvtools.tlog\link.delete.1.tlog
e:\2018\2019_opencv\c++\opencv410_projects\imgui4cvtools\imgui4cvtools\x64\debug\imgui4cvtools.tlog\link.read.1.tlog
e:\2018\2019_opencv\c++\opencv410_projects\imgui4cvtools\imgui4cvtools\x64\debug\imgui4cvtools.tlog\link.write.1.tlog
