  CVViewer.cpp
e:\2018\2019_opencv\c++\opencv410_projects\imgui4cvtools\imgui4cvtools\cvviewer.cpp(386): warning C4267: “参数”: 从“size_t”转换到“int”，可能丢失数据
e:\2018\2019_opencv\c++\opencv410_projects\imgui4cvtools\imgui4cvtools\cvviewer.cpp(436): warning C4267: “参数”: 从“size_t”转换到“int”，可能丢失数据
e:\2018\2019_opencv\c++\opencv410_projects\imgui4cvtools\imgui4cvtools\cvviewer.cpp(553): warning C4267: “参数”: 从“size_t”转换到“int”，可能丢失数据
e:\2018\2019_opencv\c++\opencv410_projects\imgui4cvtools\imgui4cvtools\cvviewer.cpp(669): warning C4267: “参数”: 从“size_t”转换到“int”，可能丢失数据
e:\2018\2019_opencv\c++\opencv410_projects\imgui4cvtools\imgui4cvtools\cvviewer.cpp(730): warning C4267: “参数”: 从“size_t”转换到“int”，可能丢失数据
e:\2018\2019_opencv\c++\opencv410_projects\imgui4cvtools\imgui4cvtools\cvviewer.cpp(1125): warning C4267: “参数”: 从“size_t”转换到“int”，可能丢失数据
e:\2018\2019_opencv\c++\opencv410_projects\imgui4cvtools\imgui4cvtools\cvviewer.cpp(1191): warning C4267: “参数”: 从“size_t”转换到“int”，可能丢失数据
e:\2018\2019_opencv\c++\opencv410_projects\imgui4cvtools\imgui4cvtools\cvviewer.cpp(1199): warning C4305: “初始化”: 从“double”到“float”截断
e:\2018\2019_opencv\c++\opencv410_projects\imgui4cvtools\imgui4cvtools\cvviewer.cpp(1256): warning C4267: “参数”: 从“size_t”转换到“int”，可能丢失数据
e:\2018\2019_opencv\c++\opencv410_projects\imgui4cvtools\imgui4cvtools\cvviewer.cpp(1308): warning C4244: “参数”: 从“double”转换到“int”，可能丢失数据
e:\2018\2019_opencv\c++\opencv410_projects\imgui4cvtools\imgui4cvtools\cvviewer.cpp(1323): warning C4267: “参数”: 从“size_t”转换到“int”，可能丢失数据
e:\2018\2019_opencv\c++\opencv410_projects\imgui4cvtools\imgui4cvtools\cvviewer.cpp(1372): warning C4244: “参数”: 从“double”转换到“int”，可能丢失数据
e:\2018\2019_opencv\c++\opencv410_projects\imgui4cvtools\imgui4cvtools\cvviewer.cpp(1392): warning C4267: “参数”: 从“size_t”转换到“int”，可能丢失数据
e:\2018\2019_opencv\c++\opencv410_projects\imgui4cvtools\imgui4cvtools\cvviewer.cpp(1447): warning C4267: “参数”: 从“size_t”转换到“int”，可能丢失数据
e:\2018\2019_opencv\c++\opencv410_projects\imgui4cvtools\imgui4cvtools\cvviewer.cpp(1452): warning C4244: “参数”: 从“double”转换到“int”，可能丢失数据
e:\2018\2019_opencv\c++\opencv410_projects\imgui4cvtools\imgui4cvtools\cvviewer.cpp(1462): warning C4267: “参数”: 从“size_t”转换到“int”，可能丢失数据
e:\2018\2019_opencv\c++\opencv410_projects\imgui4cvtools\imgui4cvtools\cvviewer.cpp(1513): warning C4267: “参数”: 从“size_t”转换到“int”，可能丢失数据
e:\2018\2019_opencv\c++\opencv410_projects\imgui4cvtools\imgui4cvtools\cvviewer.cpp(1533): warning C4267: “参数”: 从“size_t”转换到“int”，可能丢失数据
  正在生成代码...
  正在编译...
  MatViewerManager.cpp
e:\2018\2019_opencv\c++\opencv410_projects\imgui4cvtools\imgui4cvtools\matviewermanager.cpp(136): warning C4267: “return”: 从“size_t”转换到“int”，可能丢失数据
  MatViewer.cpp
e:\2018\2019_opencv\c++\opencv410_projects\imgui4cvtools\imgui4cvtools\matviewer.cpp(45): warning C4244: “参数”: 从“int”转换到“float”，可能丢失数据
e:\2018\2019_opencv\c++\opencv410_projects\imgui4cvtools\imgui4cvtools\matviewer.cpp(61): warning C4244: “参数”: 从“int”转换到“float”，可能丢失数据
e:\2018\2019_opencv\c++\opencv410_projects\imgui4cvtools\imgui4cvtools\matviewer.cpp(74): warning C4244: “参数”: 从“double”转换到“float”，可能丢失数据
e:\2018\2019_opencv\c++\opencv410_projects\imgui4cvtools\imgui4cvtools\matviewer.cpp(97): warning C4312: “类型转换”: 从“GLuint”转换到更大的“GLuint *”
  正在生成代码...
  正在跳过...(未检测到相关更改)
  ImGui4CVTools.cpp
  CVAPIGuide.cpp
  ImGui4CVTools.vcxproj -> E:\2018\2019_OpenCV\C++\OpenCV410_Projects\ImGui4CVTools\x64\Debug\ImGui4CVTools.exe
  ImGui4CVTools.vcxproj -> E:\2018\2019_OpenCV\C++\OpenCV410_Projects\ImGui4CVTools\x64\Debug\ImGui4CVTools.pdb (Full PDB)
